%% [Sun Jan 12 01:21:04 2014] GET /session.cgi?sid=3456434387-0000000003&app=urchin.cgi&action=prop&rid=13&n=10&vid=1102&dtc=0&cmd=svg&gfid=../../../../../../../../../../etc/passwd&ie5=.svg HTTP/1.0
%% 404 /z/dr/claengineers/us1/session.cgi
%error
script not found or unable to stat
%% [Sun Jan 12 01:21:04 2014] GET /session.cgi?sid=3456434387-0000000003&app=urchin.cgi&action=prop&rid=13&n=10&vid=1102&dtc=0&cmd=svg&gfid=../../../../../../../../../../etc/passwd%00&ie5=.svg HTTP/1.0
%% 404 /z/dr/claengineers/us1/session.cgi
%error
script not found or unable to stat
%% [Sat Mar  7 18:31:37 2015] GET /index.cgi HTTP/1.1
%% 404 /z/dr/claengineers/us1/index.cgi
%error
script not found or unable to stat
%% [Sat Jul 18 03:13:52 2015] GET /index.cgi HTTP/1.1
%% 404 /z/dr/claengineers/us1/index.cgi
%error
script not found or unable to stat
%% [Tue Jul 28 01:47:36 2015] GET /index.cgi HTTP/1.1
%% 404 /z/dr/claengineers/us1/index.cgi
%error
script not found or unable to stat
%% [Sun Aug 30 13:58:11 2015] GET /index.cgi HTTP/1.1
%% 404 /z/dr/claengineers/us1/index.cgi
%error
script not found or unable to stat
%% [Fri Jan 22 10:07:07 2016] GET /index.cgi HTTP/1.1
%% 404 /z/dr/claengineers/us1/index.cgi
%error
script not found or unable to stat
%% [Thu Aug  4 03:05:52 2016] GET /index.cgi HTTP/1.1
%% 404 /z/dr/claengineers/us1/index.cgi
%error
script not found or unable to stat
%% [Wed Nov 16 09:35:14 2016] GET /index.cgi HTTP/1.1
%% 404 /z/dr/claengineers/us1/index.cgi
%error
script not found or unable to stat
%% [Sun Dec 31 18:09:47 2017] HEAD /index.cgi HTTP/1.1
%% 404 /z/dr/claengineers/us1/index.cgi
%error
script not found or unable to stat
%% [Sun Dec 31 18:10:15 2017] HEAD /home.cgi HTTP/1.1
%% 404 /z/dr/claengineers/us1/home.cgi
%error
script not found or unable to stat
